app/build/intermediates/manifest_merge_blame_file/debug/manifest-merger-blame-debug-report.txt
1<?xml version="1.0" encoding="utf-8"?>
2<manifest xmlns:android="http://schemas.android.com/apk/res/android"
3    package="com.example.yumessage"
4    android:versionCode="1"
5    android:versionName="1.0" >
6
7    <uses-sdk
8        android:minSdkVersion="17"
8-->src\main\AndroidManifest.xml
9        android:targetSdkVersion="27" />
9-->src\main\AndroidManifest.xml
10
11    <uses-permission android:name="android.permission.INTERNET" />
11-->src\main\AndroidManifest.xml:4:4-65
11-->src\main\AndroidManifest.xml:4:21-63
12    <uses-permission android:name="android.permission.READ_EXTERNAL_STORAGE" />
12-->src\main\AndroidManifest.xml:5:5-80
12-->src\main\AndroidManifest.xml:5:22-77
13    <uses-permission android:name="android.permission.WRITE_EXTERNAL_STORAGE" />
13-->src\main\AndroidManifest.xml:6:5-81
13-->src\main\AndroidManifest.xml:6:22-78
14
15    <!-- Although the *SdkVersion is captured in gradle build files, this is required for non gradle builds -->
16    <!-- <uses-sdk android:minSdkVersion="14"/> -->
17    <uses-permission android:name="android.permission.ACCESS_NETWORK_STATE" />
17-->[com.google.firebase:firebase-database:19.2.1] AndroidManifest.xml:25:5-79
17-->[com.google.firebase:firebase-database:19.2.1] AndroidManifest.xml:25:22-76
18    <uses-permission android:name="android.permission.WAKE_LOCK" /> <!-- Required by older versions of Google Play services to create IID tokens -->
18-->[com.google.android.gms:play-services-measurement-api:17.2.3] AndroidManifest.xml:24:5-68
18-->[com.google.android.gms:play-services-measurement-api:17.2.3] AndroidManifest.xml:24:22-65
19    <uses-permission android:name="com.google.android.c2dm.permission.RECEIVE" />
19-->[com.google.firebase:firebase-iid:20.1.1] AndroidManifest.xml:26:5-82
19-->[com.google.firebase:firebase-iid:20.1.1] AndroidManifest.xml:26:22-79
20    <uses-permission android:name="com.google.android.finsky.permission.BIND_GET_INSTALL_REFERRER_SERVICE" />
20-->[com.google.android.gms:play-services-measurement:17.2.3] AndroidManifest.xml:26:5-110
20-->[com.google.android.gms:play-services-measurement:17.2.3] AndroidManifest.xml:26:22-107
21
22    <application
22-->src\main\AndroidManifest.xml:9:5-37:19
23        android:name="androidx.multidex.MultiDexApplication"
24        android:allowBackup="true"
24-->src\main\AndroidManifest.xml:10:9-35
25        android:appComponentFactory="androidx.core.app.CoreComponentFactory"
25-->[androidx.core:core:1.2.0] AndroidManifest.xml:24:18-86
26        android:debuggable="true"
27        android:icon="@mipmap/ic_launcher"
27-->src\main\AndroidManifest.xml:11:9-43
28        android:label="@string/app_name"
28-->src\main\AndroidManifest.xml:12:9-41
29        android:roundIcon="@mipmap/ic_launcher_round"
29-->src\main\AndroidManifest.xml:13:9-54
30        android:supportsRtl="true"
30-->src\main\AndroidManifest.xml:14:9-35
31        android:testOnly="true"
32        android:theme="@style/AppTheme" >
32-->src\main\AndroidManifest.xml:15:9-40
33        <activity android:name="com.example.yumessage.StartActivity" >
33-->src\main\AndroidManifest.xml:17:9-23:20
33-->src\main\AndroidManifest.xml:17:19-69
34            <intent-filter>
34-->src\main\AndroidManifest.xml:18:13-22:29
35                <action android:name="android.intent.action.MAIN" />
35-->src\main\AndroidManifest.xml:19:17-69
35-->src\main\AndroidManifest.xml:19:25-66
36
37                <category android:name="android.intent.category.LAUNCHER" />
37-->src\main\AndroidManifest.xml:21:17-77
37-->src\main\AndroidManifest.xml:21:27-74
38            </intent-filter>
39        </activity>
40        <activity android:name="com.example.yumessage.LoginActivity" />
40-->src\main\AndroidManifest.xml:24:9-72
40-->src\main\AndroidManifest.xml:24:19-69
41        <activity android:name="com.example.yumessage.RegisterActivity" />
41-->src\main\AndroidManifest.xml:25:9-75
41-->src\main\AndroidManifest.xml:25:19-72
42        <activity android:name="com.example.yumessage.MainActivity" />
42-->src\main\AndroidManifest.xml:26:9-71
42-->src\main\AndroidManifest.xml:26:19-68
43        <activity android:name="com.example.yumessage.PostActivity" />
43-->src\main\AndroidManifest.xml:27:9-71
43-->src\main\AndroidManifest.xml:27:19-68
44        <activity
44-->src\main\AndroidManifest.xml:28:9-30:59
45            android:name="com.theartofdev.edmodo.cropper.CropImageActivity"
45-->src\main\AndroidManifest.xml:29:13-76
46            android:theme="@style/Base.Theme.AppCompat" />
46-->src\main\AndroidManifest.xml:30:13-56
47        <activity android:name="com.example.yumessage.CommentsActivity" />
47-->src\main\AndroidManifest.xml:31:9-75
47-->src\main\AndroidManifest.xml:31:19-72
48        <activity android:name="com.example.yumessage.OptionsActivity" />
48-->src\main\AndroidManifest.xml:32:9-74
48-->src\main\AndroidManifest.xml:32:19-71
49        <activity android:name="com.example.yumessage.EditProfileActivity" />
49-->src\main\AndroidManifest.xml:33:9-78
49-->src\main\AndroidManifest.xml:33:19-75
50        <activity android:name="com.example.yumessage.FollowersActivity" />
50-->src\main\AndroidManifest.xml:34:9-76
50-->src\main\AndroidManifest.xml:34:19-73
51        <activity android:name="com.example.yumessage.StoryActivity" />
51-->src\main\AndroidManifest.xml:35:9-72
51-->src\main\AndroidManifest.xml:35:19-69
52        <activity android:name="com.example.yumessage.AddStoryActivity" />
52-->src\main\AndroidManifest.xml:36:9-74
52-->src\main\AndroidManifest.xml:36:19-72
53        <!--
54             FirebaseMessagingService performs security checks at runtime,
55             but set to not exported to explicitly avoid allowing another app to call it.
56        -->
57        <service
57-->[com.google.firebase:firebase-messaging:20.1.2] AndroidManifest.xml:28:9-34:19
58            android:name="com.google.firebase.messaging.FirebaseMessagingService"
58-->[com.google.firebase:firebase-messaging:20.1.2] AndroidManifest.xml:29:13-82
59            android:exported="false" >
59-->[com.google.firebase:firebase-messaging:20.1.2] AndroidManifest.xml:30:13-37
60            <intent-filter android:priority="-500" >
60-->[com.google.firebase:firebase-messaging:20.1.2] AndroidManifest.xml:31:13-33:29
60-->[com.google.firebase:firebase-messaging:20.1.2] AndroidManifest.xml:31:28-51
61                <action android:name="com.google.firebase.MESSAGING_EVENT" />
61-->[com.google.firebase:firebase-messaging:20.1.2] AndroidManifest.xml:32:17-78
61-->[com.google.firebase:firebase-messaging:20.1.2] AndroidManifest.xml:32:25-75
62            </intent-filter>
63        </service>
64        <service
64-->[com.google.firebase:firebase-messaging:20.1.2] AndroidManifest.xml:35:9-41:19
65            android:name="com.google.firebase.components.ComponentDiscoveryService"
65-->[com.google.firebase:firebase-messaging:20.1.2] AndroidManifest.xml:36:13-84
66            android:directBootAware="true"
66-->[com.google.firebase:firebase-common:19.3.0] AndroidManifest.xml:34:13-43
67            android:exported="false" >
67-->[com.google.firebase:firebase-messaging:20.1.2] AndroidManifest.xml:37:13-37
68            <meta-data
68-->[com.google.firebase:firebase-messaging:20.1.2] AndroidManifest.xml:38:13-40:85
69                android:name="com.google.firebase.components:com.google.firebase.messaging.FirebaseMessagingRegistrar"
69-->[com.google.firebase:firebase-messaging:20.1.2] AndroidManifest.xml:39:17-119
70                android:value="com.google.firebase.components.ComponentRegistrar" />
70-->[com.google.firebase:firebase-messaging:20.1.2] AndroidManifest.xml:40:17-82
71            <meta-data
71-->[com.google.firebase:firebase-auth:19.3.0] AndroidManifest.xml:36:13-38:85
72                android:name="com.google.firebase.components:com.google.firebase.auth.FirebaseAuthRegistrar"
72-->[com.google.firebase:firebase-auth:19.3.0] AndroidManifest.xml:37:17-109
73                android:value="com.google.firebase.components.ComponentRegistrar" />
73-->[com.google.firebase:firebase-auth:19.3.0] AndroidManifest.xml:38:17-82
74            <meta-data
74-->[com.google.firebase:firebase-database:19.2.1] AndroidManifest.xml:32:13-34:85
75                android:name="com.google.firebase.components:com.google.firebase.database.DatabaseRegistrar"
75-->[com.google.firebase:firebase-database:19.2.1] AndroidManifest.xml:33:17-109
76                android:value="com.google.firebase.components.ComponentRegistrar" />
76-->[com.google.firebase:firebase-database:19.2.1] AndroidManifest.xml:34:17-82
77            <meta-data
77-->[com.google.firebase:firebase-storage:19.1.1] AndroidManifest.xml:33:13-35:85
78                android:name="com.google.firebase.components:com.google.firebase.storage.StorageRegistrar"
78-->[com.google.firebase:firebase-storage:19.1.1] AndroidManifest.xml:34:17-107
79                android:value="com.google.firebase.components.ComponentRegistrar" />
79-->[com.google.firebase:firebase-storage:19.1.1] AndroidManifest.xml:35:17-82
80            <meta-data
80-->[com.google.firebase:firebase-datatransport:17.0.3] AndroidManifest.xml:28:13-30:85
81                android:name="com.google.firebase.components:com.google.firebase.datatransport.TransportRegistrar"
81-->[com.google.firebase:firebase-datatransport:17.0.3] AndroidManifest.xml:29:17-115
82                android:value="com.google.firebase.components.ComponentRegistrar" />
82-->[com.google.firebase:firebase-datatransport:17.0.3] AndroidManifest.xml:30:17-82
83            <meta-data
83-->[com.google.android.gms:play-services-measurement-api:17.2.3] AndroidManifest.xml:30:13-32:85
84                android:name="com.google.firebase.components:com.google.firebase.analytics.connector.internal.AnalyticsConnectorRegistrar"
84-->[com.google.android.gms:play-services-measurement-api:17.2.3] AndroidManifest.xml:31:17-139
85                android:value="com.google.firebase.components.ComponentRegistrar" />
85-->[com.google.android.gms:play-services-measurement-api:17.2.3] AndroidManifest.xml:32:17-82
86            <meta-data
86-->[com.google.firebase:firebase-iid:20.1.1] AndroidManifest.xml:32:13-34:85
87                android:name="com.google.firebase.components:com.google.firebase.iid.Registrar"
87-->[com.google.firebase:firebase-iid:20.1.1] AndroidManifest.xml:33:17-96
88                android:value="com.google.firebase.components.ComponentRegistrar" />
88-->[com.google.firebase:firebase-iid:20.1.1] AndroidManifest.xml:34:17-82
89            <meta-data
89-->[com.google.firebase:firebase-installations:16.0.0] AndroidManifest.xml:17:13-19:85
90                android:name="com.google.firebase.components:com.google.firebase.installations.FirebaseInstallationsRegistrar"
90-->[com.google.firebase:firebase-installations:16.0.0] AndroidManifest.xml:18:17-127
91                android:value="com.google.firebase.components.ComponentRegistrar" />
91-->[com.google.firebase:firebase-installations:16.0.0] AndroidManifest.xml:19:17-82
92        </service>
93
94        <activity
94-->[com.google.firebase:firebase-auth:19.3.0] AndroidManifest.xml:24:9-31:50
95            android:name="com.google.firebase.auth.internal.FederatedSignInActivity"
95-->[com.google.firebase:firebase-auth:19.3.0] AndroidManifest.xml:25:13-85
96            android:excludeFromRecents="true"
96-->[com.google.firebase:firebase-auth:19.3.0] AndroidManifest.xml:26:13-46
97            android:exported="true"
97-->[com.google.firebase:firebase-auth:19.3.0] AndroidManifest.xml:27:13-36
98            android:launchMode="singleTask"
98-->[com.google.firebase:firebase-auth:19.3.0] AndroidManifest.xml:28:13-44
99            android:permission="com.google.firebase.auth.api.gms.permission.LAUNCH_FEDERATED_SIGN_IN"
99-->[com.google.firebase:firebase-auth:19.3.0] AndroidManifest.xml:29:13-102
100            android:theme="@android:style/Theme.Translucent.NoTitleBar" />
100-->[com.google.firebase:firebase-auth:19.3.0] AndroidManifest.xml:30:13-72
101
102        <receiver
102-->[com.google.firebase:firebase-iid:20.1.1] AndroidManifest.xml:37:9-44:20
103            android:name="com.google.firebase.iid.FirebaseInstanceIdReceiver"
103-->[com.google.firebase:firebase-iid:20.1.1] AndroidManifest.xml:38:13-78
104            android:exported="true"
104-->[com.google.firebase:firebase-iid:20.1.1] AndroidManifest.xml:39:13-36
105            android:permission="com.google.android.c2dm.permission.SEND" >
105-->[com.google.firebase:firebase-iid:20.1.1] AndroidManifest.xml:40:13-73
106            <intent-filter>
106-->[com.google.firebase:firebase-iid:20.1.1] AndroidManifest.xml:41:13-43:29
107                <action android:name="com.google.android.c2dm.intent.RECEIVE" />
107-->[com.google.firebase:firebase-iid:20.1.1] AndroidManifest.xml:42:17-81
107-->[com.google.firebase:firebase-iid:20.1.1] AndroidManifest.xml:42:25-78
108            </intent-filter>
109        </receiver>
110
111        <provider
111-->[com.google.firebase:firebase-common:19.3.0] AndroidManifest.xml:26:9-30:39
112            android:name="com.google.firebase.provider.FirebaseInitProvider"
112-->[com.google.firebase:firebase-common:19.3.0] AndroidManifest.xml:27:13-77
113            android:authorities="com.example.yumessage.firebaseinitprovider"
113-->[com.google.firebase:firebase-common:19.3.0] AndroidManifest.xml:28:13-72
114            android:exported="false"
114-->[com.google.firebase:firebase-common:19.3.0] AndroidManifest.xml:29:13-37
115            android:initOrder="100" />
115-->[com.google.firebase:firebase-common:19.3.0] AndroidManifest.xml:30:13-36
116
117        <activity
117-->[com.google.android.gms:play-services-base:17.1.0] AndroidManifest.xml:23:9-26:75
118            android:name="com.google.android.gms.common.api.GoogleApiActivity"
118-->[com.google.android.gms:play-services-base:17.1.0] AndroidManifest.xml:24:13-79
119            android:exported="false"
119-->[com.google.android.gms:play-services-base:17.1.0] AndroidManifest.xml:25:13-37
120            android:theme="@android:style/Theme.Translucent.NoTitleBar" />
120-->[com.google.android.gms:play-services-base:17.1.0] AndroidManifest.xml:26:13-72
121
122        <receiver
122-->[com.google.android.gms:play-services-measurement:17.2.3] AndroidManifest.xml:29:9-33:20
123            android:name="com.google.android.gms.measurement.AppMeasurementReceiver"
123-->[com.google.android.gms:play-services-measurement:17.2.3] AndroidManifest.xml:30:13-85
124            android:enabled="true"
124-->[com.google.android.gms:play-services-measurement:17.2.3] AndroidManifest.xml:31:13-35
125            android:exported="false" >
125-->[com.google.android.gms:play-services-measurement:17.2.3] AndroidManifest.xml:32:13-37
126        </receiver>
127        <receiver
127-->[com.google.android.gms:play-services-measurement:17.2.3] AndroidManifest.xml:34:9-42:20
128            android:name="com.google.android.gms.measurement.AppMeasurementInstallReferrerReceiver"
128-->[com.google.android.gms:play-services-measurement:17.2.3] AndroidManifest.xml:35:13-100
129            android:enabled="true"
129-->[com.google.android.gms:play-services-measurement:17.2.3] AndroidManifest.xml:36:13-35
130            android:exported="true"
130-->[com.google.android.gms:play-services-measurement:17.2.3] AndroidManifest.xml:37:13-36
131            android:permission="android.permission.INSTALL_PACKAGES" >
131-->[com.google.android.gms:play-services-measurement:17.2.3] AndroidManifest.xml:38:13-69
132            <intent-filter>
132-->[com.google.android.gms:play-services-measurement:17.2.3] AndroidManifest.xml:39:13-41:29
133                <action android:name="com.android.vending.INSTALL_REFERRER" />
133-->[com.google.android.gms:play-services-measurement:17.2.3] AndroidManifest.xml:40:17-79
133-->[com.google.android.gms:play-services-measurement:17.2.3] AndroidManifest.xml:40:25-76
134            </intent-filter>
135        </receiver>
136
137        <service
137-->[com.google.android.gms:play-services-measurement:17.2.3] AndroidManifest.xml:44:9-47:40
138            android:name="com.google.android.gms.measurement.AppMeasurementService"
138-->[com.google.android.gms:play-services-measurement:17.2.3] AndroidManifest.xml:45:13-84
139            android:enabled="true"
139-->[com.google.android.gms:play-services-measurement:17.2.3] AndroidManifest.xml:46:13-35
140            android:exported="false" />
140-->[com.google.android.gms:play-services-measurement:17.2.3] AndroidManifest.xml:47:13-37
141        <service
141-->[com.google.android.gms:play-services-measurement:17.2.3] AndroidManifest.xml:48:9-52:72
142            android:name="com.google.android.gms.measurement.AppMeasurementJobService"
142-->[com.google.android.gms:play-services-measurement:17.2.3] AndroidManifest.xml:49:13-87
143            android:enabled="true"
143-->[com.google.android.gms:play-services-measurement:17.2.3] AndroidManifest.xml:50:13-35
144            android:exported="false"
144-->[com.google.android.gms:play-services-measurement:17.2.3] AndroidManifest.xml:51:13-37
145            android:permission="android.permission.BIND_JOB_SERVICE" />
145-->[com.google.android.gms:play-services-measurement:17.2.3] AndroidManifest.xml:52:13-69
146
147        <meta-data
147-->[com.google.android.gms:play-services-basement:17.0.0] AndroidManifest.xml:23:9-25:69
148            android:name="com.google.android.gms.version"
148-->[com.google.android.gms:play-services-basement:17.0.0] AndroidManifest.xml:24:13-58
149            android:value="@integer/google_play_services_version" />
149-->[com.google.android.gms:play-services-basement:17.0.0] AndroidManifest.xml:25:13-66
150
151        <service
151-->[com.google.android.datatransport:transport-backend-cct:2.2.0] AndroidManifest.xml:29:9-35:19
152            android:name="com.google.android.datatransport.runtime.backends.TransportBackendDiscovery"
152-->[com.google.android.datatransport:transport-backend-cct:2.2.0] AndroidManifest.xml:30:13-103
153            android:exported="false" >
153-->[com.google.android.datatransport:transport-backend-cct:2.2.0] AndroidManifest.xml:31:13-37
154            <meta-data
154-->[com.google.android.datatransport:transport-backend-cct:2.2.0] AndroidManifest.xml:32:13-34:39
155                android:name="backend:com.google.android.datatransport.cct.CctBackendFactory"
155-->[com.google.android.datatransport:transport-backend-cct:2.2.0] AndroidManifest.xml:33:17-94
156                android:value="cct" />
156-->[com.google.android.datatransport:transport-backend-cct:2.2.0] AndroidManifest.xml:34:17-36
157        </service>
158        <service
158-->[com.google.android.datatransport:transport-runtime:2.2.0] AndroidManifest.xml:26:9-30:19
159            android:name="com.google.android.datatransport.runtime.scheduling.jobscheduling.JobInfoSchedulerService"
159-->[com.google.android.datatransport:transport-runtime:2.2.0] AndroidManifest.xml:27:13-117
160            android:exported="false"
160-->[com.google.android.datatransport:transport-runtime:2.2.0] AndroidManifest.xml:28:13-37
161            android:permission="android.permission.BIND_JOB_SERVICE" >
161-->[com.google.android.datatransport:transport-runtime:2.2.0] AndroidManifest.xml:29:13-69
162        </service>
163
164        <receiver
164-->[com.google.android.datatransport:transport-runtime:2.2.0] AndroidManifest.xml:32:9-34:40
165            android:name="com.google.android.datatransport.runtime.scheduling.jobscheduling.AlarmManagerSchedulerBroadcastReceiver"
165-->[com.google.android.datatransport:transport-runtime:2.2.0] AndroidManifest.xml:33:13-132
166            android:exported="false" />
166-->[com.google.android.datatransport:transport-runtime:2.2.0] AndroidManifest.xml:34:13-37
167    </application>
168
169</manifest>